<?xml version="1.0" encoding="utf-8"?><testsuites name="pytest tests"><testsuite name="pytest" errors="0" failures="0" skipped="0" tests="49" time="21.170" timestamp="2025-10-23T01:58:46.984452+03:30" hostname="devbox"><testcase classname="integration.test_rewards_views.TestWheelViewSet" name="test_spin_wheel_success" time="12.575" /><testcase classname="integration.test_rewards_views.TestWheelViewSet" name="test_spin_wheel_already_spun" time="0.072" /><testcase classname="integration.test_rewards_views.TestWheelViewSet" name="test_spin_wheel_insufficient_rank" time="0.070" /><testcase classname="integration.test_rewards_views.TestWheelViewSet" name="test_spin_wheel_no_prizes" time="0.064" /><testcase classname="integration.test_rewards_views.TestWheelViewSet" name="test_list_wheels_unauthenticated" time="0.021" /><testcase classname="integration.test_tournaments_api.TestTournamentViewSet" name="test_list_tournaments_unauthenticated" time="0.099" /><testcase classname="integration.test_tournaments_api.TestTournamentViewSet" name="test_list_tournaments_authenticated" time="0.091" /><testcase classname="integration.test_tournaments_api.TestTournamentViewSet" name="test_create_tournament_by_admin" time="0.053" /><testcase classname="integration.test_tournaments_api.TestTournamentViewSet" name="test_create_tournament_by_non_admin_fails" time="0.037" /><testcase classname="integration.test_tournaments_api.TestTournamentViewSet" name="test_join_individual_tournament" time="0.118" /><testcase classname="integration.test_tournaments_api.TestTournamentViewSet" name="test_join_team_tournament" time="0.150" /><testcase classname="integration.test_tournaments_services.TestJoinTournament" name="test_join_individual_tournament_success" time="0.025" /><testcase classname="integration.test_tournaments_services.TestJoinTournament" name="test_join_tournament_is_full" time="0.059" /><testcase classname="integration.test_tournaments_services.TestJoinTournament" name="test_join_tournament_insufficient_verification" time="0.025" /><testcase classname="integration.test_tournaments_services.TestJoinTournament" name="test_join_tournament_insufficient_funds" time="0.024" /><testcase classname="integration.test_tournaments_services.TestJoinTournament" name="test_join_team_tournament_success" time="0.051" /><testcase classname="integration.test_tournaments_services.TestMatchProgression" name="test_generate_matches_success" time="0.056" /><testcase classname="integration.test_tournaments_services.TestMatchProgression" name="test_generate_matches_not_enough_participants" time="0.013" /><testcase classname="integration.test_tournaments_services.TestMatchProgression" name="test_confirm_result_and_advance_round" time="0.090" /><testcase classname="integration.test_users_services.TestOTPService" name="test_send_otp_via_phone" time="0.023" /><testcase classname="integration.test_users_services.TestOTPService" name="test_send_otp_via_email" time="0.020" /><testcase classname="integration.test_users_services.TestOTPService" name="test_verify_otp_success" time="0.139" /><testcase classname="integration.test_users_services.TestOTPService" name="test_verify_otp_expired" time="0.143" /><testcase classname="integration.test_users_services.TestOTPService" name="test_verify_otp_invalid_code" time="0.020" /><testcase classname="integration.test_users_services.TestTeamManagementService" name="test_invite_member_success" time="0.039" /><testcase classname="integration.test_users_services.TestTeamManagementService" name="test_invite_member_not_captain" time="0.131" /><testcase classname="integration.test_users_services.TestTeamManagementService" name="test_respond_to_invitation_accept" time="0.039" /><testcase classname="integration.test_users_services.TestTeamManagementService" name="test_leave_team_success" time="0.028" /><testcase classname="integration.test_users_services.TestTeamManagementService" name="test_captain_cannot_leave_team" time="0.027" /><testcase classname="integration.test_users_services.TestTeamManagementService" name="test_captain_remove_member_success" time="0.029" /><testcase classname="integration.test_wallet_api.TestWalletAPI" name="test_get_wallet_balance" time="0.053" /><testcase classname="integration.test_wallet_views.TestDepositAPIView" name="test_create_deposit_success" time="0.041" /><testcase classname="integration.test_wallet_views.TestDepositAPIView" name="test_create_deposit_gateway_fails" time="0.036" /><testcase classname="integration.test_wallet_views.TestDepositAPIView" name="test_create_deposit_unauthenticated" time="0.016" /><testcase classname="integration.test_wallet_views.TestDepositAPIView" name="test_create_deposit_invalid_amount" time="0.026" /><testcase classname="integration.test_wallet_views.TestVerifyDepositAPIView" name="test_verify_deposit_success" time="0.062" /><testcase classname="integration.test_wallet_views.TestVerifyDepositAPIView" name="test_verify_deposit_user_canceled" time="0.040" /><testcase classname="integration.test_wallet_views.TestVerifyDepositAPIView" name="test_verify_deposit_gateway_verification_fails" time="0.042" /><testcase classname="integration.test_wallet_views.TestVerifyDepositAPIView" name="test_verify_deposit_already_verified_race_condition" time="0.055" /><testcase classname="integration.test_wallet_views.TestVerifyDepositAPIView" name="test_verify_deposit_transaction_not_found" time="0.023" /><testcase classname="unit.test_tournaments_models" name="test_tournament_creation" time="0.007" /><testcase classname="unit.test_tournaments_models" name="test_end_date_before_start_date_fails" time="0.006" /><testcase classname="unit.test_tournaments_models" name="test_paid_tournament_requires_entry_fee" time="0.006" /><testcase classname="integration.test_chat_consumers.TestChatConsumer" name="test_connect_authenticated" time="0.190" /><testcase classname="integration.test_chat_consumers.TestChatConsumer" name="test_connect_unauthenticated" time="0.175" /><testcase classname="integration.test_chat_consumers.TestChatConsumer" name="test_receive_chat_message" time="0.377" /><testcase classname="integration.test_chat_consumers.TestChatConsumer" name="test_edit_message" time="0.269" /><testcase classname="integration.test_chat_consumers.TestChatConsumer" name="test_delete_message" time="0.267" /><testcase classname="integration.test_chat_consumers.TestChatConsumer" name="test_typing_indicator" time="0.193" /></testsuite></testsuites>