<?xml version="1.0" encoding="utf-8"?><testsuites name="pytest tests"><testsuite name="pytest" errors="0" failures="0" skipped="0" tests="72" time="43.474" timestamp="2025-10-23T10:54:00.391185+03:30" hostname="devbox"><testcase classname="tests.integration.test_rewards_views.TestWheelViewSet" name="test_spin_wheel_success" time="9.935" /><testcase classname="tests.integration.test_rewards_views.TestWheelViewSet" name="test_spin_wheel_already_spun" time="0.035" /><testcase classname="tests.integration.test_rewards_views.TestWheelViewSet" name="test_spin_wheel_insufficient_rank" time="0.034" /><testcase classname="tests.integration.test_rewards_views.TestWheelViewSet" name="test_spin_wheel_no_prizes" time="0.030" /><testcase classname="tests.integration.test_rewards_views.TestWheelViewSet" name="test_list_wheels_unauthenticated" time="0.012" /><testcase classname="tests.integration.test_tournaments_api.TestTournamentViewSet" name="test_list_tournaments_unauthenticated" time="0.035" /><testcase classname="tests.integration.test_tournaments_api.TestTournamentViewSet" name="test_list_tournaments_authenticated" time="0.038" /><testcase classname="tests.integration.test_tournaments_api.TestTournamentViewSet" name="test_create_tournament_by_admin" time="0.033" /><testcase classname="tests.integration.test_tournaments_api.TestTournamentViewSet" name="test_create_tournament_by_non_admin_fails" time="0.022" /><testcase classname="tests.integration.test_tournaments_api.TestTournamentViewSet" name="test_join_individual_tournament" time="0.069" /><testcase classname="tests.integration.test_tournaments_api.TestTournamentViewSet" name="test_join_team_tournament" time="0.075" /><testcase classname="tests.integration.test_tournaments_services.TestJoinTournament" name="test_join_individual_tournament_success" time="0.023" /><testcase classname="tests.integration.test_tournaments_services.TestJoinTournament" name="test_join_tournament_is_full" time="0.059" /><testcase classname="tests.integration.test_tournaments_services.TestJoinTournament" name="test_join_tournament_insufficient_verification" time="0.027" /><testcase classname="tests.integration.test_tournaments_services.TestJoinTournament" name="test_join_tournament_insufficient_funds" time="0.024" /><testcase classname="tests.integration.test_tournaments_services.TestJoinTournament" name="test_join_team_tournament_success" time="0.048" /><testcase classname="tests.integration.test_tournaments_services.TestMatchProgression" name="test_generate_matches_success" time="0.051" /><testcase classname="tests.integration.test_tournaments_services.TestMatchProgression" name="test_generate_matches_not_enough_participants" time="0.013" /><testcase classname="tests.integration.test_tournaments_services.TestMatchProgression" name="test_confirm_result_and_advance_round" time="0.083" /><testcase classname="tests.integration.test_users_services.TestOTPService" name="test_send_otp_via_phone" time="0.022" /><testcase classname="tests.integration.test_users_services.TestOTPService" name="test_send_otp_via_email" time="0.020" /><testcase classname="tests.integration.test_users_services.TestOTPService" name="test_verify_otp_success" time="0.111" /><testcase classname="tests.integration.test_users_services.TestOTPService" name="test_verify_otp_expired" time="0.126" /><testcase classname="tests.integration.test_users_services.TestOTPService" name="test_verify_otp_invalid_code" time="0.021" /><testcase classname="tests.integration.test_users_services.TestTeamManagementService" name="test_invite_member_success" time="0.042" /><testcase classname="tests.integration.test_users_services.TestTeamManagementService" name="test_invite_member_not_captain" time="0.035" /><testcase classname="tests.integration.test_users_services.TestTeamManagementService" name="test_respond_to_invitation_accept" time="0.041" /><testcase classname="tests.integration.test_users_services.TestTeamManagementService" name="test_leave_team_success" time="0.029" /><testcase classname="tests.integration.test_users_services.TestTeamManagementService" name="test_captain_cannot_leave_team" time="0.027" /><testcase classname="tests.integration.test_users_services.TestTeamManagementService" name="test_captain_remove_member_success" time="0.031" /><testcase classname="tests.integration.test_wallet_api.TestWalletAPI" name="test_get_wallet_balance" time="0.027" /><testcase classname="tests.integration.test_wallet_views.TestDepositAPIView" name="test_create_deposit_success" time="0.031" /><testcase classname="tests.integration.test_wallet_views.TestDepositAPIView" name="test_create_deposit_gateway_fails" time="0.027" /><testcase classname="tests.integration.test_wallet_views.TestDepositAPIView" name="test_create_deposit_unauthenticated" time="0.011" /><testcase classname="tests.integration.test_wallet_views.TestDepositAPIView" name="test_create_deposit_invalid_amount" time="0.022" /><testcase classname="tests.integration.test_wallet_views.TestVerifyDepositAPIView" name="test_verify_deposit_success" time="0.033" /><testcase classname="tests.integration.test_wallet_views.TestVerifyDepositAPIView" name="test_verify_deposit_user_canceled" time="0.025" /><testcase classname="tests.integration.test_wallet_views.TestVerifyDepositAPIView" name="test_verify_deposit_gateway_verification_fails" time="0.025" /><testcase classname="tests.integration.test_wallet_views.TestVerifyDepositAPIView" name="test_verify_deposit_already_verified_race_condition" time="0.030" /><testcase classname="tests.integration.test_wallet_views.TestVerifyDepositAPIView" name="test_verify_deposit_transaction_not_found" time="0.012" /><testcase classname="tests.unit.test_tournaments_models" name="test_tournament_creation" time="0.008" /><testcase classname="tests.unit.test_tournaments_models" name="test_end_date_before_start_date_fails" time="0.006" /><testcase classname="tests.unit.test_tournaments_models" name="test_paid_tournament_requires_entry_fee" time="0.006" /><testcase classname="wallet.tests.test_payment.PaymentAPITestCase" name="test_deposit_invalid_amount" time="1.727" /><testcase classname="wallet.tests.test_payment.PaymentAPITestCase" name="test_deposit_success" time="1.740" /><testcase classname="wallet.tests.test_payment.PaymentAPITestCase" name="test_verify_deposit_failed_by_user_cancellation" time="1.727" /><testcase classname="wallet.tests.test_payment.PaymentAPITestCase" name="test_verify_deposit_failed_from_zibal" time="1.725" /><testcase classname="wallet.tests.test_payment.PaymentAPITestCase" name="test_verify_deposit_success" time="1.738" /><testcase classname="wallet.tests.test_payment.PaymentAPITestCase" name="test_verify_deposit_transaction_not_found" time="1.718" /><testcase classname="wallet.tests.test_payment.PaymentAPITestCase" name="test_withdraw_insufficient_funds" time="1.725" /><testcase classname="wallet.tests.test_payment.PaymentAPITestCase" name="test_withdraw_invalid_amount" time="1.731" /><testcase classname="wallet.tests.test_payment.PaymentAPITestCase" name="test_withdraw_success" time="1.756" /><testcase classname="wallet.tests.test_services.ZibalServiceTestCase" name="test_create_payment_failure" time="0.859" /><testcase classname="wallet.tests.test_services.ZibalServiceTestCase" name="test_create_payment_network_error" time="0.857" /><testcase classname="wallet.tests.test_services.ZibalServiceTestCase" name="test_create_payment_success" time="0.855" /><testcase classname="wallet.tests.test_services.ZibalServiceTestCase" name="test_generate_payment_url" time="0.861" /><testcase classname="wallet.tests.test_services.ZibalServiceTestCase" name="test_inquiry_payment_success" time="0.852" /><testcase classname="wallet.tests.test_services.ZibalServiceTestCase" name="test_verify_payment_success" time="0.858" /><testcase classname="wallet.tests.test_services.ProcessTransactionTestCase" name="test_process_failed_withdrawal_insufficient_funds" time="0.856" /><testcase classname="wallet.tests.test_services.ProcessTransactionTestCase" name="test_process_successful_deposit" time="0.867" /><testcase classname="wallet.tests.test_services.ProcessTokenTransactionTestCase" name="test_process_failed_token_spent_insufficient_funds" time="0.877" /><testcase classname="wallet.tests.test_services.ProcessTokenTransactionTestCase" name="test_process_failed_withdrawal_frequency" time="0.863" /><testcase classname="wallet.tests.test_services.ProcessTokenTransactionTestCase" name="test_process_failed_withdrawal_minimum_amount" time="0.861" /><testcase classname="wallet.tests.test_services.ProcessTokenTransactionTestCase" name="test_process_invalid_token_transaction_type" time="0.865" /><testcase classname="wallet.tests.test_services.ProcessTokenTransactionTestCase" name="test_process_successful_token_earned" time="0.869" /><testcase classname="wallet.tests.test_services.ProcessTokenTransactionTestCase" name="test_process_successful_token_spent" time="0.863" /><testcase classname="tests.integration.test_chat_consumers.TestChatConsumer" name="test_connect_authenticated" time="0.185" /><testcase classname="tests.integration.test_chat_consumers.TestChatConsumer" name="test_connect_unauthenticated" time="0.158" /><testcase classname="tests.integration.test_chat_consumers.TestChatConsumer" name="test_receive_chat_message" time="0.184" /><testcase classname="tests.integration.test_chat_consumers.TestChatConsumer" name="test_edit_message" time="0.179" /><testcase classname="tests.integration.test_chat_consumers.TestChatConsumer" name="test_delete_message" time="0.165" /><testcase classname="tests.integration.test_chat_consumers.TestChatConsumer" name="test_typing_indicator" time="0.164" /></testsuite></testsuites>