<?xml version="1.0" encoding="utf-8"?><testsuites name="pytest tests"><testsuite name="pytest" errors="0" failures="0" skipped="0" tests="13" time="23.804" timestamp="2025-10-22T20:48:54.462247+03:30" hostname="devbox"><testcase classname="integration.test_tournaments_api.TestTournamentViewSet" name="test_list_tournaments_unauthenticated" time="10.378" /><testcase classname="integration.test_tournaments_api.TestTournamentViewSet" name="test_list_tournaments_authenticated" time="0.957" /><testcase classname="integration.test_tournaments_api.TestTournamentViewSet" name="test_create_tournament_by_admin" time="0.882" /><testcase classname="integration.test_tournaments_api.TestTournamentViewSet" name="test_create_tournament_by_non_admin_fails" time="0.871" /><testcase classname="integration.test_tournaments_api.TestTournamentViewSet" name="test_join_individual_tournament" time="0.905" /><testcase classname="integration.test_tournaments_api.TestTournamentViewSet" name="test_join_team_tournament" time="0.967" /><testcase classname="integration.test_wallet_api.TestWalletAPI" name="test_get_wallet_balance" time="0.887" /><testcase classname="unit.test_tournaments_models" name="test_tournament_creation" time="0.005" /><testcase classname="unit.test_tournaments_models" name="test_end_date_before_start_date_fails" time="0.005" /><testcase classname="unit.test_tournaments_models" name="test_paid_tournament_requires_entry_fee" time="0.004" /><testcase classname="unit.test_tournaments_services" name="test_distribute_scores_individual" time="1.708" /><testcase classname="unit.test_tournaments_services" name="test_distribute_scores_team" time="2.985" /><testcase classname="unit.test_tournaments_services" name="test_get_tournament_winners_team_duel" time="1.702" /></testsuite></testsuites>